2026-03-07 17:25:54,019 - INFO - Post created via factory: 3 (type: text)
2026-03-07 17:27:07,657 - INFO - Post created via factory: 4 (type: image)
2026-03-07 17:59:01,961 - INFO - Post 1 liked by user 1
2026-03-07 18:01:21,921 - INFO - Post 1 unliked by user 1
2026-03-07 18:02:53,153 - INFO - Comment added to post 1
2026-03-19 16:25:59,021 - INFO - User 4 promoted to admin by 2
2026-03-19 17:00:36,973 - INFO - Cache MISS for feed: feed_9c1d55d0de3fad62471bf991cabaaa22
2026-03-19 17:00:36,974 - ERROR - Error in feed: name 'models' is not defined
2026-03-19 17:02:38,559 - INFO - Cache MISS for feed: feed_9c1d55d0de3fad62471bf991cabaaa22
2026-03-19 17:02:38,560 - ERROR - Error in feed: name 'models' is not defined
2026-03-19 17:02:51,782 - INFO - Cache MISS for feed: feed_9c1d55d0de3fad62471bf991cabaaa22
2026-03-19 17:02:51,782 - ERROR - Error in feed: name 'models' is not defined
2026-03-19 17:03:03,811 - INFO - Cache MISS for feed: feed_9c1d55d0de3fad62471bf991cabaaa22
2026-03-19 17:03:03,811 - ERROR - Error in feed: name 'models' is not defined
2026-03-19 17:04:29,390 - INFO - Cache MISS for feed: feed_9c1d55d0de3fad62471bf991cabaaa22
2026-03-19 17:05:37,341 - INFO - Cache HIT for feed: feed_9c1d55d0de3fad62471bf991cabaaa22
2026-03-19 17:06:22,392 - INFO - Cache MISS for feed: feed_92bfae47a46351827ba1405253e28588
2026-03-22 13:31:50,666 - INFO - Post created by user 1 with privacy: public
2026-03-22 13:33:42,185 - INFO - Post 1 liked by user 1
2026-03-22 13:33:56,241 - INFO - Comment added to post 1
2026-03-22 13:54:16,762 - INFO - Post created by user 1 with privacy: public
2026-03-22 13:56:26,927 - INFO - Post created by user 1 with privacy: public
2026-03-22 13:58:02,085 - INFO - Post created by user 1 with privacy: public
2026-03-22 13:58:58,835 - INFO - Post 11 liked by user 1
2026-03-22 14:00:30,391 - INFO - Post created by user 1 with privacy: public
2026-03-22 14:03:56,678 - INFO - Post 11 liked by user 2
2026-03-22 14:05:17,322 - INFO - Post 11 liked by user 3
2026-03-22 14:09:38,504 - INFO - Comment added to post 11
2026-03-22 14:13:46,537 - INFO - Cache MISS for post 11
2026-03-22 14:16:34,361 - INFO - Cache MISS for post 11
2026-03-22 14:18:19,134 - INFO - Cache MISS for post 11
2026-03-22 14:19:29,104 - INFO - Cache MISS for post 11
2026-03-22 14:21:19,331 - INFO - Post created by user 1 with privacy: private
2026-03-22 14:23:41,584 - INFO - Cache MISS for post 15
2026-03-22 14:25:56,996 - INFO - Cache MISS for post 15
2026-03-22 14:26:29,798 - INFO - Cache HIT for post 15
2026-03-22 14:27:04,586 - INFO - Cache MISS for post 15
2026-03-22 14:32:01,982 - INFO - Cache MISS for feed: feed_da71156901943fead365bbeccb174b9b
2026-03-22 14:32:49,908 - INFO - Cache HIT for feed: feed_da71156901943fead365bbeccb174b9b
2026-03-22 14:34:58,145 - INFO - Cache MISS for feed: feed_fbedeb108348155d42e07fe0f7f6f2c1
2026-03-22 14:37:17,917 - INFO - Cache MISS for feed: feed_da71156901943fead365bbeccb174b9b
2026-03-22 14:37:33,709 - INFO - Cache HIT for feed: feed_da71156901943fead365bbeccb174b9b
